<?xml version="1.0" encoding="UTF-8"?>
<testng-results ignored="0" total="1" passed="1" failed="0" skipped="0">
  <reporter-output>
  </reporter-output>
  <suite started-at="2025-06-27T11:15:25 IST" name="Default suite" finished-at="2025-06-27T11:16:18 IST" duration-ms="52918">
    <groups>
    </groups>
    <test started-at="2025-06-27T11:15:25 IST" name="Default test" finished-at="2025-06-27T11:16:18 IST" duration-ms="52918">
      <class name="com.Flipcart.product.FetchPrice">
        <test-method signature="productTest()[pri:0, instance:com.Flipcart.product.FetchPrice@7526515b]" started-at="2025-06-27T11:15:25 IST" name="productTest" finished-at="2025-06-27T11:16:18 IST" duration-ms="52763" status="PASS">
          <reporter-output>
          </reporter-output>
        </test-method> <!-- productTest -->
      </class> <!-- com.Flipcart.product.FetchPrice -->
    </test> <!-- Default test -->
  </suite> <!-- Default suite -->
</testng-results>
